0 info it worked if it ends with ok
1 verbose cli [ 'C:\\Program Files (x86)\\nodejs\\\\node.exe',
1 verbose cli   'C:\\Program Files (x86)\\nodejs\\node_modules\\npm\\bin\\npm-cli.js',
1 verbose cli   'install',
1 verbose cli   'cookieSession',
1 verbose cli   '--save' ]
2 info using npm@1.4.28
3 info using node@v0.10.33
4 verbose node symlink C:\Program Files (x86)\nodejs\\node.exe
5 verbose readDependencies using package.json deps
6 verbose cache add [ 'cookieSession', null ]
7 verbose cache add name=undefined spec="cookieSession" args=["cookieSession",null]
8 verbose parsed url { protocol: null,
8 verbose parsed url   slashes: null,
8 verbose parsed url   auth: null,
8 verbose parsed url   host: null,
8 verbose parsed url   port: null,
8 verbose parsed url   hostname: null,
8 verbose parsed url   hash: null,
8 verbose parsed url   search: null,
8 verbose parsed url   query: null,
8 verbose parsed url   pathname: 'cookieSession',
8 verbose parsed url   path: 'cookieSession',
8 verbose parsed url   href: 'cookieSession' }
9 silly lockFile e020978a-cookieSession cookieSession
10 verbose lock cookieSession C:\Users\Jerry\AppData\Roaming\npm-cache\e020978a-cookieSession.lock
11 silly lockFile e020978a-cookieSession cookieSession
12 silly lockFile e020978a-cookieSession cookieSession
13 verbose addNamed [ 'cookieSession', '' ]
14 verbose addNamed [ null, '*' ]
15 silly lockFile 0678e59f-cookieSession cookieSession@
16 verbose lock cookieSession@ C:\Users\Jerry\AppData\Roaming\npm-cache\0678e59f-cookieSession.lock
17 silly addNameRange { name: 'cookieSession', range: '*', hasData: false }
18 verbose request where is /cookieSession
19 verbose request registry https://registry.npmjs.org/
20 verbose request id 20fe8aeef4323e80
21 verbose url raw /cookieSession
22 verbose url resolving [ 'https://registry.npmjs.org/', './cookieSession' ]
23 verbose url resolved https://registry.npmjs.org/cookieSession
24 verbose request where is https://registry.npmjs.org/cookieSession
25 info trying registry request attempt 1 at 08:15:33
26 http GET https://registry.npmjs.org/cookieSession
27 http 404 https://registry.npmjs.org/cookieSession
28 verbose headers { server: 'CouchDB/1.5.0 (Erlang OTP/R16B03)',
28 verbose headers   'content-type': 'application/json',
28 verbose headers   'cache-control': 'max-age=0',
28 verbose headers   'content-length': '51',
28 verbose headers   'accept-ranges': 'bytes',
28 verbose headers   date: 'Wed, 08 Jul 2015 00:15:29 GMT',
28 verbose headers   via: '1.1 varnish',
28 verbose headers   age: '0',
28 verbose headers   connection: 'keep-alive',
28 verbose headers   'x-served-by': 'cache-nrt6128-NRT',
28 verbose headers   'x-cache': 'MISS',
28 verbose headers   'x-cache-hits': '0',
28 verbose headers   'x-timer': 'S1436314529.822046,VS0,VE124' }
29 silly registry.get cb [ 404,
29 silly registry.get   { server: 'CouchDB/1.5.0 (Erlang OTP/R16B03)',
29 silly registry.get     'content-type': 'application/json',
29 silly registry.get     'cache-control': 'max-age=0',
29 silly registry.get     'content-length': '51',
29 silly registry.get     'accept-ranges': 'bytes',
29 silly registry.get     date: 'Wed, 08 Jul 2015 00:15:29 GMT',
29 silly registry.get     via: '1.1 varnish',
29 silly registry.get     age: '0',
29 silly registry.get     connection: 'keep-alive',
29 silly registry.get     'x-served-by': 'cache-nrt6128-NRT',
29 silly registry.get     'x-cache': 'MISS',
29 silly registry.get     'x-cache-hits': '0',
29 silly registry.get     'x-timer': 'S1436314529.822046,VS0,VE124' } ]
30 silly lockFile 0678e59f-cookieSession cookieSession@
31 silly lockFile 0678e59f-cookieSession cookieSession@
32 error 404 404 Not Found: cookieSession
32 error 404
32 error 404 'cookieSession' is not in the npm registry.
32 error 404 You should bug the author to publish it
32 error 404 It was specified as a dependency of 'malladmin'
32 error 404
32 error 404 Note that you can also install from a
32 error 404 tarball, folder, or http url, or git url.
33 error System Windows_NT 6.2.9200
34 error command "C:\\Program Files (x86)\\nodejs\\\\node.exe" "C:\\Program Files (x86)\\nodejs\\node_modules\\npm\\bin\\npm-cli.js" "install" "cookieSession" "--save"
35 error cwd C:\Users\Jerry\resources\projects\mall\malladmin
36 error node -v v0.10.33
37 error npm -v 1.4.28
38 error code E404
39 verbose exit [ 1, true ]
